Using pre-set license

 COMMAND LINE ARGUMENTS:
/Applications/Unity/Hub/Editor/2020.2.2f1/Unity.app/Contents/MacOS/Unity
-adb2
-batchMode
-noUpm
-name
AssetImportWorker0
-projectPath
/Users/sridharreddy/Documents/GitHub/Climber-Game
-logFile
Logs/AssetImportWorker0.log
-srvPort
59037
Successfully changed project path to: /Users/sridharreddy/Documents/GitHub/Climber-Game
/Users/sridharreddy/Documents/GitHub/Climber-Game
Using Asset Import Pipeline V2.
Refreshing native plugins compatible for Editor in 31.42 ms, found 1 plugins.
Preloading 0 native plugins for Editor in 0.00 ms.
Initialize engine version: 2020.2.2f1 (068178b99f32)
[Subsystems] Discovering subsystems at path /Applications/Unity/Hub/Editor/2020.2.2f1/Unity.app/Contents/Resources/UnitySubsystems
[Subsystems] Discovering subsystems at path /Users/sridharreddy/Documents/GitHub/Climber-Game/Assets
GfxDevice: creating device client; threaded=0
2021-04-23 11:57:10.647 Unity[78613:2843411] Color LCD preferred device: NVIDIA GeForce GT 650M (high power)
2021-04-23 11:57:10.647 Unity[78613:2843411] Metal devices available: 2
2021-04-23 11:57:10.647 Unity[78613:2843411] 0: NVIDIA GeForce GT 650M (high power)
2021-04-23 11:57:10.647 Unity[78613:2843411] 1: Intel HD Graphics 4000 (low power)
2021-04-23 11:57:10.648 Unity[78613:2843411] Using device NVIDIA GeForce GT 650M (high power)
Initializing Metal device caps: NVIDIA GeForce GT 650M
Initialize mono
Mono path[0] = '/Applications/Unity/Hub/Editor/2020.2.2f1/Unity.app/Contents/Managed'
Mono path[1] = '/Applications/Unity/Hub/Editor/2020.2.2f1/Unity.app/Contents/MonoBleedingEdge/lib/mono/unityjit'
Mono config path = '/Applications/Unity/Hub/Editor/2020.2.2f1/Unity.app/Contents/MonoBleedingEdge/etc'
Using monoOptions --debugger-agent=transport=dt_socket,embedding=1,server=y,suspend=n,address=127.0.0.1:56613
Begin MonoManager ReloadAssembly
Registering precompiled unity dll's ...
Register platform support module: /Applications/Unity/Hub/Editor/2020.2.2f1/Unity.app/Contents/PlaybackEngines/MacStandaloneSupport/UnityEditor.OSXStandalone.Extensions.dll
Registered in 0.000752 seconds.
Native extension for OSXStandalone target not found
Refreshing native plugins compatible for Editor in 32.33 ms, found 1 plugins.
Preloading 0 native plugins for Editor in 0.00 ms.
Invoked RoslynAnalysisRunner static constructor.
RoslynAnalysisRunner will not be running.
RoslynAnalysisRunner has terminated.
Mono: successfully reloaded assembly
- Completed reload, in  4.379 seconds
Platform modules already initialized, skipping
Registering precompiled user dll's ...
Registered in 0.000489 seconds.
Begin MonoManager ReloadAssembly
Native extension for OSXStandalone target not found
Refreshing native plugins compatible for Editor in 0.29 ms, found 1 plugins.
Preloading 0 native plugins for Editor in 0.00 ms.
Invoked RoslynAnalysisRunner static constructor.
RoslynAnalysisRunner will not be running.
RoslynAnalysisRunner has terminated.
Mono: successfully reloaded assembly
- Completed reload, in  1.327 seconds
Platform modules already initialized, skipping
========================================================================
Worker process is ready to serve import requests
Launching external process: /Applications/Unity/Hub/Editor/2020.2.2f1/Unity.app/Contents/Tools/UnityShaderCompiler
Launched and connected shader compiler UnityShaderCompiler after 0.01 seconds
Refreshing native plugins compatible for Editor in 0.25 ms, found 1 plugins.
Preloading 0 native plugins for Editor in 0.00 ms.
Unloading 1103 Unused Serialized files (Serialized files now loaded: 0)
System memory in use before: 125.3 MB.
System memory in use after: 125.4 MB.

Unloading 10 unused Assets to reduce memory usage. Loaded Objects now: 1558.
Total: 2.200058 ms (FindLiveObjects: 0.176153 ms CreateObjectMapping: 0.044721 ms MarkObjects: 1.845008 ms  DeleteObjects: 0.132332 ms)

========================================================================
Received Import Request.
  path: Assets/Scenes/SampleScene/Objects/Scripts/AI_SCRIPT.cs
  artifactKey: Guid(a6daaa156316b4cd8b0703f73ff3dfc6) Importer(815301076,1909f56bfc062723c751e8b465ee728b)
Start importing Assets/Scenes/SampleScene/Objects/Scripts/AI_SCRIPT.cs using Guid(a6daaa156316b4cd8b0703f73ff3dfc6) Importer(815301076,1909f56bfc062723c751e8b465ee728b)  -> (artifact id: '1b59769360219fc8f261e1fcd25c6723') in 0.415109 seconds
  Import took 0.418417 seconds .

========================================================================
Received Prepare
Registering precompiled user dll's ...
Registered in 0.000669 seconds.
Begin MonoManager ReloadAssembly
Native extension for OSXStandalone target not found
Refreshing native plugins compatible for Editor in 0.24 ms, found 1 plugins.
Preloading 0 native plugins for Editor in 0.00 ms.
Invoked RoslynAnalysisRunner static constructor.
RoslynAnalysisRunner will not be running.
RoslynAnalysisRunner has terminated.
Mono: successfully reloaded assembly
- Completed reload, in  1.128 seconds
Platform modules already initialized, skipping
Refreshing native plugins compatible for Editor in 0.25 ms, found 1 plugins.
Preloading 0 native plugins for Editor in 0.00 ms.
Unloading 1098 Unused Serialized files (Serialized files now loaded: 0)
System memory in use before: 130.1 MB.
System memory in use after: 130.2 MB.

Unloading 5 unused Assets to reduce memory usage. Loaded Objects now: 1560.
Total: 1.791251 ms (FindLiveObjects: 0.153651 ms CreateObjectMapping: 0.041404 ms MarkObjects: 1.522507 ms  DeleteObjects: 0.072129 ms)

========================================================================
Received Import Request.
  Time since last request: 2757.255364 seconds.
  path: Assets/Scenes/SampleScene/Objects/Scripts/PlayerMoveScript.cs
  artifactKey: Guid(f1d61bbd5e0d5493a99f3e97a7d1208c) Importer(815301076,1909f56bfc062723c751e8b465ee728b)
Start importing Assets/Scenes/SampleScene/Objects/Scripts/PlayerMoveScript.cs using Guid(f1d61bbd5e0d5493a99f3e97a7d1208c) Importer(815301076,1909f56bfc062723c751e8b465ee728b)  -> (artifact id: '9606648fbe580f8794b0278b733e0f58') in 0.004937 seconds
  Import took 0.007065 seconds .

========================================================================
Received Import Request.
  Time since last request: 1.657985 seconds.
  path: Assets/Scenes/SampleScene/NavMesh.asset
  artifactKey: Guid(926569746fc7b4e9db943985e2d9f01d) Importer(815301076,1909f56bfc062723c751e8b465ee728b)
Start importing Assets/Scenes/SampleScene/NavMesh.asset using Guid(926569746fc7b4e9db943985e2d9f01d) Importer(815301076,1909f56bfc062723c751e8b465ee728b)  -> (artifact id: '3f645f5d149e6cf63c3c95f73e4e2eb3') in 0.406376 seconds
  Import took 0.408945 seconds .

========================================================================
Received Import Request.
  Time since last request: 37.582681 seconds.
  path: ProjectSettings/TagManager.asset
  artifactKey: Guid(00000000000000003000000000000000) Importer(815301076,1909f56bfc062723c751e8b465ee728b)
Start importing ProjectSettings/TagManager.asset using Guid(00000000000000003000000000000000) Importer(815301076,1909f56bfc062723c751e8b465ee728b)  -> (artifact id: 'a06207ec5bf010df171a5710c7811fd9') in 0.003402 seconds
  Import took 0.005731 seconds .

========================================================================
Received Import Request.
  Time since last request: 0.010218 seconds.
  path: ProjectSettings/TagManager.asset
  artifactKey: Guid(00000000000000003000000000000000) Importer(815301076,1909f56bfc062723c751e8b465ee728b)
Start importing ProjectSettings/TagManager.asset using Guid(00000000000000003000000000000000) Importer(815301076,1909f56bfc062723c751e8b465ee728b)  -> (artifact id: 'a06207ec5bf010df171a5710c7811fd9') in 0.002930 seconds
  Import took 0.005932 seconds .

========================================================================
Received Prepare
Registering precompiled user dll's ...
Registered in 0.000473 seconds.
Begin MonoManager ReloadAssembly
Native extension for OSXStandalone target not found
Refreshing native plugins compatible for Editor in 0.24 ms, found 1 plugins.
Preloading 0 native plugins for Editor in 0.00 ms.
Invoked RoslynAnalysisRunner static constructor.
RoslynAnalysisRunner will not be running.
RoslynAnalysisRunner has terminated.
Mono: successfully reloaded assembly
- Completed reload, in  1.130 seconds
Platform modules already initialized, skipping
Refreshing native plugins compatible for Editor in 0.24 ms, found 1 plugins.
Preloading 0 native plugins for Editor in 0.00 ms.
Unloading 1098 Unused Serialized files (Serialized files now loaded: 0)
System memory in use before: 134.9 MB.
System memory in use after: 134.9 MB.

Unloading 7 unused Assets to reduce memory usage. Loaded Objects now: 1562.
Total: 2.072536 ms (FindLiveObjects: 0.160022 ms CreateObjectMapping: 0.041843 ms MarkObjects: 1.791175 ms  DeleteObjects: 0.077848 ms)

========================================================================
Received Prepare
Registering precompiled user dll's ...
Registered in 0.000550 seconds.
Begin MonoManager ReloadAssembly
Native extension for OSXStandalone target not found
Refreshing native plugins compatible for Editor in 0.24 ms, found 1 plugins.
Preloading 0 native plugins for Editor in 0.00 ms.
Invoked RoslynAnalysisRunner static constructor.
RoslynAnalysisRunner will not be running.
RoslynAnalysisRunner has terminated.
Mono: successfully reloaded assembly
- Completed reload, in  1.149 seconds
Platform modules already initialized, skipping
Refreshing native plugins compatible for Editor in 0.25 ms, found 1 plugins.
Preloading 0 native plugins for Editor in 0.00 ms.
Unloading 1098 Unused Serialized files (Serialized files now loaded: 0)
System memory in use before: 135.1 MB.
System memory in use after: 135.2 MB.

Unloading 5 unused Assets to reduce memory usage. Loaded Objects now: 1564.
Total: 1.802622 ms (FindLiveObjects: 0.176789 ms CreateObjectMapping: 0.041458 ms MarkObjects: 1.508045 ms  DeleteObjects: 0.074519 ms)

========================================================================
Received Prepare
Registering precompiled user dll's ...
Registered in 0.000391 seconds.
Begin MonoManager ReloadAssembly
Native extension for OSXStandalone target not found
Refreshing native plugins compatible for Editor in 0.24 ms, found 1 plugins.
Preloading 0 native plugins for Editor in 0.00 ms.
Invoked RoslynAnalysisRunner static constructor.
RoslynAnalysisRunner will not be running.
RoslynAnalysisRunner has terminated.
Mono: successfully reloaded assembly
- Completed reload, in  1.187 seconds
Platform modules already initialized, skipping
Refreshing native plugins compatible for Editor in 0.28 ms, found 1 plugins.
Preloading 0 native plugins for Editor in 0.00 ms.
Unloading 1098 Unused Serialized files (Serialized files now loaded: 0)
System memory in use before: 135.8 MB.
System memory in use after: 135.9 MB.

Unloading 5 unused Assets to reduce memory usage. Loaded Objects now: 1566.
Total: 1.839617 ms (FindLiveObjects: 0.165290 ms CreateObjectMapping: 0.042728 ms MarkObjects: 1.549871 ms  DeleteObjects: 0.078065 ms)

========================================================================
Received Prepare
Registering precompiled user dll's ...
Registered in 0.000482 seconds.
Begin MonoManager ReloadAssembly
Native extension for OSXStandalone target not found
Refreshing native plugins compatible for Editor in 0.25 ms, found 1 plugins.
Preloading 0 native plugins for Editor in 0.00 ms.
Invoked RoslynAnalysisRunner static constructor.
RoslynAnalysisRunner will not be running.
RoslynAnalysisRunner has terminated.
Mono: successfully reloaded assembly
- Completed reload, in  1.128 seconds
Platform modules already initialized, skipping
Refreshing native plugins compatible for Editor in 0.26 ms, found 1 plugins.
Preloading 0 native plugins for Editor in 0.00 ms.
Unloading 1098 Unused Serialized files (Serialized files now loaded: 0)
System memory in use before: 136.2 MB.
System memory in use after: 136.3 MB.

Unloading 5 unused Assets to reduce memory usage. Loaded Objects now: 1568.
Total: 2.112766 ms (FindLiveObjects: 0.248936 ms CreateObjectMapping: 0.053352 ms MarkObjects: 1.730636 ms  DeleteObjects: 0.077278 ms)

========================================================================
Received Prepare
Registering precompiled user dll's ...
Registered in 0.000567 seconds.
Begin MonoManager ReloadAssembly
Native extension for OSXStandalone target not found
Refreshing native plugins compatible for Editor in 0.24 ms, found 1 plugins.
Preloading 0 native plugins for Editor in 0.00 ms.
Invoked RoslynAnalysisRunner static constructor.
RoslynAnalysisRunner will not be running.
RoslynAnalysisRunner has terminated.
Mono: successfully reloaded assembly
- Completed reload, in  1.138 seconds
Platform modules already initialized, skipping
Refreshing native plugins compatible for Editor in 0.24 ms, found 1 plugins.
Preloading 0 native plugins for Editor in 0.00 ms.
Unloading 1098 Unused Serialized files (Serialized files now loaded: 0)
System memory in use before: 136.6 MB.
System memory in use after: 136.6 MB.

Unloading 5 unused Assets to reduce memory usage. Loaded Objects now: 1570.
Total: 2.281842 ms (FindLiveObjects: 0.160874 ms CreateObjectMapping: 0.066572 ms MarkObjects: 1.955649 ms  DeleteObjects: 0.097386 ms)

========================================================================
Received Prepare
Registering precompiled user dll's ...
Registered in 0.000464 seconds.
Begin MonoManager ReloadAssembly
Native extension for OSXStandalone target not found
Refreshing native plugins compatible for Editor in 0.24 ms, found 1 plugins.
Preloading 0 native plugins for Editor in 0.00 ms.
Invoked RoslynAnalysisRunner static constructor.
RoslynAnalysisRunner will not be running.
RoslynAnalysisRunner has terminated.
Mono: successfully reloaded assembly
- Completed reload, in  1.202 seconds
Platform modules already initialized, skipping
Refreshing native plugins compatible for Editor in 0.33 ms, found 1 plugins.
Preloading 0 native plugins for Editor in 0.00 ms.
Unloading 1098 Unused Serialized files (Serialized files now loaded: 0)
System memory in use before: 136.1 MB.
System memory in use after: 136.2 MB.

Unloading 5 unused Assets to reduce memory usage. Loaded Objects now: 1572.
Total: 2.954891 ms (FindLiveObjects: 0.212282 ms CreateObjectMapping: 0.054865 ms MarkObjects: 2.595805 ms  DeleteObjects: 0.090049 ms)

========================================================================
Received Import Request.
  Time since last request: 1493.708644 seconds.
  path: Assets/Scenes/SampleScene/Objects/Materials/ENEMY/AI_Color.mat
  artifactKey: Guid(2fa36ff431363451c80ad15349ca6359) Importer(815301076,1909f56bfc062723c751e8b465ee728b)
Start importing Assets/Scenes/SampleScene/Objects/Materials/ENEMY/AI_Color.mat using Guid(2fa36ff431363451c80ad15349ca6359) Importer(815301076,1909f56bfc062723c751e8b465ee728b)  -> (artifact id: 'a2c751127bfa8135a07a53fbead645b6') in 0.355544 seconds
  Import took 0.358211 seconds .

========================================================================
Received Import Request.
  Time since last request: 135.370766 seconds.
  path: Assets/Scenes/SampleScene/Objects/Materials/World/Floor Block.mat
  artifactKey: Guid(745d1df5e40b94800b47235250e2c79d) Importer(815301076,1909f56bfc062723c751e8b465ee728b)
Start importing Assets/Scenes/SampleScene/Objects/Materials/World/Floor Block.mat using Guid(745d1df5e40b94800b47235250e2c79d) Importer(815301076,1909f56bfc062723c751e8b465ee728b)  -> (artifact id: 'ea4905429bcb7d4650e9e577ce9c5f01') in 0.011098 seconds
  Import took 0.013544 seconds .

========================================================================
Received Prepare
Registering precompiled user dll's ...
Registered in 0.000630 seconds.
Begin MonoManager ReloadAssembly
Native extension for OSXStandalone target not found
Refreshing native plugins compatible for Editor in 0.28 ms, found 1 plugins.
Preloading 0 native plugins for Editor in 0.00 ms.
Invoked RoslynAnalysisRunner static constructor.
RoslynAnalysisRunner will not be running.
RoslynAnalysisRunner has terminated.
Mono: successfully reloaded assembly
- Completed reload, in  1.108 seconds
Platform modules already initialized, skipping
Refreshing native plugins compatible for Editor in 0.25 ms, found 1 plugins.
Preloading 0 native plugins for Editor in 0.00 ms.
Unloading 1098 Unused Serialized files (Serialized files now loaded: 0)
System memory in use before: 144.5 MB.
System memory in use after: 144.5 MB.

Unloading 5 unused Assets to reduce memory usage. Loaded Objects now: 1614.
Total: 2.017874 ms (FindLiveObjects: 0.242117 ms CreateObjectMapping: 0.058490 ms MarkObjects: 1.638732 ms  DeleteObjects: 0.076371 ms)

========================================================================
Received Import Request.
  Time since last request: 222.973716 seconds.
  path: Assets/Scenes/SampleScene/Objects/Materials/World/SniperBlock.mat
  artifactKey: Guid(3a49b9eab30d348368dc9e03c437bfed) Importer(815301076,1909f56bfc062723c751e8b465ee728b)
Start importing Assets/Scenes/SampleScene/Objects/Materials/World/SniperBlock.mat using Guid(3a49b9eab30d348368dc9e03c437bfed) Importer(815301076,1909f56bfc062723c751e8b465ee728b)  -> (artifact id: '797a7992d2c50b4008133aa0a8a51079') in 0.149986 seconds
  Import took 0.152358 seconds .

========================================================================
Received Prepare
Registering precompiled user dll's ...
Registered in 0.000477 seconds.
Begin MonoManager ReloadAssembly
Native extension for OSXStandalone target not found
Refreshing native plugins compatible for Editor in 0.25 ms, found 1 plugins.
Preloading 0 native plugins for Editor in 0.00 ms.
Invoked RoslynAnalysisRunner static constructor.
RoslynAnalysisRunner will not be running.
RoslynAnalysisRunner has terminated.
Mono: successfully reloaded assembly
- Completed reload, in  1.078 seconds
Platform modules already initialized, skipping
Refreshing native plugins compatible for Editor in 0.24 ms, found 1 plugins.
Preloading 0 native plugins for Editor in 0.00 ms.
Unloading 1098 Unused Serialized files (Serialized files now loaded: 0)
System memory in use before: 145.0 MB.
System memory in use after: 145.1 MB.

Unloading 5 unused Assets to reduce memory usage. Loaded Objects now: 1617.
Total: 1.862028 ms (FindLiveObjects: 0.171128 ms CreateObjectMapping: 0.042702 ms MarkObjects: 1.571581 ms  DeleteObjects: 0.075031 ms)

========================================================================
Received Prepare
Registering precompiled user dll's ...
Registered in 0.000638 seconds.
Begin MonoManager ReloadAssembly
Native extension for OSXStandalone target not found
Refreshing native plugins compatible for Editor in 0.25 ms, found 1 plugins.
Preloading 0 native plugins for Editor in 0.00 ms.
Invoked RoslynAnalysisRunner static constructor.
RoslynAnalysisRunner will not be running.
RoslynAnalysisRunner has terminated.
Mono: successfully reloaded assembly
- Completed reload, in  1.123 seconds
Platform modules already initialized, skipping
Refreshing native plugins compatible for Editor in 0.24 ms, found 1 plugins.
Preloading 0 native plugins for Editor in 0.00 ms.
Unloading 1098 Unused Serialized files (Serialized files now loaded: 0)
System memory in use before: 145.4 MB.
System memory in use after: 145.5 MB.

Unloading 5 unused Assets to reduce memory usage. Loaded Objects now: 1619.
Total: 2.582018 ms (FindLiveObjects: 0.238854 ms CreateObjectMapping: 0.065820 ms MarkObjects: 2.169892 ms  DeleteObjects: 0.104720 ms)

========================================================================
Received Prepare
Registering precompiled user dll's ...
Registered in 0.000486 seconds.
Begin MonoManager ReloadAssembly
Native extension for OSXStandalone target not found
Refreshing native plugins compatible for Editor in 0.24 ms, found 1 plugins.
Preloading 0 native plugins for Editor in 0.00 ms.
Invoked RoslynAnalysisRunner static constructor.
RoslynAnalysisRunner will not be running.
RoslynAnalysisRunner has terminated.
Mono: successfully reloaded assembly
- Completed reload, in  1.135 seconds
Platform modules already initialized, skipping
Refreshing native plugins compatible for Editor in 0.33 ms, found 1 plugins.
Preloading 0 native plugins for Editor in 0.00 ms.
Unloading 1098 Unused Serialized files (Serialized files now loaded: 0)
System memory in use before: 144.9 MB.
System memory in use after: 145.0 MB.

Unloading 5 unused Assets to reduce memory usage. Loaded Objects now: 1621.
Total: 2.302322 ms (FindLiveObjects: 0.243380 ms CreateObjectMapping: 0.072581 ms MarkObjects: 1.900850 ms  DeleteObjects: 0.083040 ms)

========================================================================
Received Prepare
Registering precompiled user dll's ...
Registered in 0.000478 seconds.
Begin MonoManager ReloadAssembly
Native extension for OSXStandalone target not found
Refreshing native plugins compatible for Editor in 0.30 ms, found 1 plugins.
Preloading 0 native plugins for Editor in 0.00 ms.
Invoked RoslynAnalysisRunner static constructor.
RoslynAnalysisRunner will not be running.
RoslynAnalysisRunner has terminated.
Mono: successfully reloaded assembly
- Completed reload, in  1.120 seconds
Platform modules already initialized, skipping
Refreshing native plugins compatible for Editor in 0.25 ms, found 1 plugins.
Preloading 0 native plugins for Editor in 0.00 ms.
Unloading 1098 Unused Serialized files (Serialized files now loaded: 0)
System memory in use before: 145.4 MB.
System memory in use after: 145.5 MB.

Unloading 5 unused Assets to reduce memory usage. Loaded Objects now: 1623.
Total: 1.749878 ms (FindLiveObjects: 0.156519 ms CreateObjectMapping: 0.042361 ms MarkObjects: 1.481055 ms  DeleteObjects: 0.068852 ms)

========================================================================
Received Prepare
Registering precompiled user dll's ...
Registered in 0.000522 seconds.
Begin MonoManager ReloadAssembly
Native extension for OSXStandalone target not found
Refreshing native plugins compatible for Editor in 0.25 ms, found 1 plugins.
Preloading 0 native plugins for Editor in 0.00 ms.
Invoked RoslynAnalysisRunner static constructor.
RoslynAnalysisRunner will not be running.
RoslynAnalysisRunner has terminated.
Mono: successfully reloaded assembly
- Completed reload, in  1.213 seconds
Platform modules already initialized, skipping
Refreshing native plugins compatible for Editor in 0.27 ms, found 1 plugins.
Preloading 0 native plugins for Editor in 0.00 ms.
Unloading 1098 Unused Serialized files (Serialized files now loaded: 0)
System memory in use before: 145.7 MB.
System memory in use after: 145.7 MB.

Unloading 5 unused Assets to reduce memory usage. Loaded Objects now: 1625.
Total: 2.307781 ms (FindLiveObjects: 0.213762 ms CreateObjectMapping: 0.103422 ms MarkObjects: 1.910134 ms  DeleteObjects: 0.079199 ms)

========================================================================
Received Prepare
Registering precompiled user dll's ...
Registered in 0.000650 seconds.
Begin MonoManager ReloadAssembly
Native extension for OSXStandalone target not found
Refreshing native plugins compatible for Editor in 0.25 ms, found 1 plugins.
Preloading 0 native plugins for Editor in 0.00 ms.
Invoked RoslynAnalysisRunner static constructor.
RoslynAnalysisRunner will not be running.
RoslynAnalysisRunner has terminated.
Mono: successfully reloaded assembly
- Completed reload, in  1.100 seconds
Platform modules already initialized, skipping
Refreshing native plugins compatible for Editor in 0.24 ms, found 1 plugins.
Preloading 0 native plugins for Editor in 0.00 ms.
Unloading 1098 Unused Serialized files (Serialized files now loaded: 0)
System memory in use before: 145.3 MB.
System memory in use after: 145.4 MB.

Unloading 5 unused Assets to reduce memory usage. Loaded Objects now: 1627.
Total: 2.011183 ms (FindLiveObjects: 0.267108 ms CreateObjectMapping: 0.053099 ms MarkObjects: 1.585162 ms  DeleteObjects: 0.080971 ms)

========================================================================
Received Prepare
Registering precompiled user dll's ...
Registered in 0.000547 seconds.
Begin MonoManager ReloadAssembly
Native extension for OSXStandalone target not found
Refreshing native plugins compatible for Editor in 0.25 ms, found 1 plugins.
Preloading 0 native plugins for Editor in 0.00 ms.
Invoked RoslynAnalysisRunner static constructor.
RoslynAnalysisRunner will not be running.
RoslynAnalysisRunner has terminated.
Mono: successfully reloaded assembly
- Completed reload, in  1.211 seconds
Platform modules already initialized, skipping
Refreshing native plugins compatible for Editor in 0.34 ms, found 1 plugins.
Preloading 0 native plugins for Editor in 0.00 ms.
Unloading 1098 Unused Serialized files (Serialized files now loaded: 0)
System memory in use before: 145.8 MB.
System memory in use after: 145.9 MB.

Unloading 5 unused Assets to reduce memory usage. Loaded Objects now: 1629.
Total: 1.843259 ms (FindLiveObjects: 0.179371 ms CreateObjectMapping: 0.042595 ms MarkObjects: 1.543499 ms  DeleteObjects: 0.076058 ms)

========================================================================
Received Prepare
Registering precompiled user dll's ...
Registered in 0.000480 seconds.
Begin MonoManager ReloadAssembly
Native extension for OSXStandalone target not found
Refreshing native plugins compatible for Editor in 0.25 ms, found 1 plugins.
Preloading 0 native plugins for Editor in 0.00 ms.
Invoked RoslynAnalysisRunner static constructor.
RoslynAnalysisRunner will not be running.
RoslynAnalysisRunner has terminated.
Mono: successfully reloaded assembly
- Completed reload, in  1.109 seconds
Platform modules already initialized, skipping
Refreshing native plugins compatible for Editor in 0.24 ms, found 1 plugins.
Preloading 0 native plugins for Editor in 0.00 ms.
Unloading 1098 Unused Serialized files (Serialized files now loaded: 0)
System memory in use before: 146.2 MB.
System memory in use after: 146.2 MB.

Unloading 5 unused Assets to reduce memory usage. Loaded Objects now: 1631.
Total: 2.136895 ms (FindLiveObjects: 0.225439 ms CreateObjectMapping: 0.063349 ms MarkObjects: 1.763490 ms  DeleteObjects: 0.081960 ms)

========================================================================
Received Import Request.
  Time since last request: 1397.352251 seconds.
  path: Assets/Scenes/SampleScene/Objects/Scripts/Respawn.cs
  artifactKey: Guid(205f81201f07d4259ac501b774899359) Importer(815301076,1909f56bfc062723c751e8b465ee728b)
Start importing Assets/Scenes/SampleScene/Objects/Scripts/Respawn.cs using Guid(205f81201f07d4259ac501b774899359) Importer(815301076,1909f56bfc062723c751e8b465ee728b)  -> (artifact id: '8eb2863a7f11028525360c1b9dd4ca6b') in 0.006166 seconds
  Import took 0.008676 seconds .

========================================================================
Received Import Request.
  Time since last request: 0.001882 seconds.
  path: Assets/Scenes/SampleScene/Objects/Scripts/Respawn.cs
  artifactKey: Guid(205f81201f07d4259ac501b774899359) Importer(815301076,1909f56bfc062723c751e8b465ee728b)
Start importing Assets/Scenes/SampleScene/Objects/Scripts/Respawn.cs using Guid(205f81201f07d4259ac501b774899359) Importer(815301076,1909f56bfc062723c751e8b465ee728b)  -> (artifact id: '8eb2863a7f11028525360c1b9dd4ca6b') in 0.001777 seconds
  Import took 0.004043 seconds .

========================================================================
Received Prepare
Registering precompiled user dll's ...
Registered in 0.000608 seconds.
Begin MonoManager ReloadAssembly
Native extension for OSXStandalone target not found
Refreshing native plugins compatible for Editor in 0.25 ms, found 1 plugins.
Preloading 0 native plugins for Editor in 0.00 ms.
Invoked RoslynAnalysisRunner static constructor.
RoslynAnalysisRunner will not be running.
RoslynAnalysisRunner has terminated.
Mono: successfully reloaded assembly
- Completed reload, in  1.141 seconds
Platform modules already initialized, skipping
Refreshing native plugins compatible for Editor in 0.24 ms, found 1 plugins.
Preloading 0 native plugins for Editor in 0.00 ms.
Unloading 1098 Unused Serialized files (Serialized files now loaded: 0)
System memory in use before: 145.7 MB.
System memory in use after: 145.8 MB.

Unloading 5 unused Assets to reduce memory usage. Loaded Objects now: 1633.
Total: 1.761399 ms (FindLiveObjects: 0.144920 ms CreateObjectMapping: 0.046957 ms MarkObjects: 1.496134 ms  DeleteObjects: 0.072094 ms)

========================================================================
Received Prepare
Registering precompiled user dll's ...
Registered in 0.000515 seconds.
Begin MonoManager ReloadAssembly
Native extension for OSXStandalone target not found
Refreshing native plugins compatible for Editor in 0.25 ms, found 1 plugins.
Preloading 0 native plugins for Editor in 0.00 ms.
Invoked RoslynAnalysisRunner static constructor.
RoslynAnalysisRunner will not be running.
RoslynAnalysisRunner has terminated.
Mono: successfully reloaded assembly
- Completed reload, in  1.124 seconds
Platform modules already initialized, skipping
Refreshing native plugins compatible for Editor in 0.24 ms, found 1 plugins.
Preloading 0 native plugins for Editor in 0.00 ms.
Unloading 1098 Unused Serialized files (Serialized files now loaded: 0)
System memory in use before: 146.2 MB.
System memory in use after: 146.2 MB.

Unloading 5 unused Assets to reduce memory usage. Loaded Objects now: 1635.
Total: 1.800217 ms (FindLiveObjects: 0.171269 ms CreateObjectMapping: 0.042444 ms MarkObjects: 1.504808 ms  DeleteObjects: 0.079263 ms)

========================================================================
Received Prepare
Registering precompiled user dll's ...
Registered in 0.000665 seconds.
Begin MonoManager ReloadAssembly
Native extension for OSXStandalone target not found
Refreshing native plugins compatible for Editor in 0.24 ms, found 1 plugins.
Preloading 0 native plugins for Editor in 0.00 ms.
Invoked RoslynAnalysisRunner static constructor.
RoslynAnalysisRunner will not be running.
RoslynAnalysisRunner has terminated.
Mono: successfully reloaded assembly
- Completed reload, in  1.114 seconds
Platform modules already initialized, skipping
Refreshing native plugins compatible for Editor in 0.25 ms, found 1 plugins.
Preloading 0 native plugins for Editor in 0.00 ms.
Unloading 1098 Unused Serialized files (Serialized files now loaded: 0)
System memory in use before: 146.6 MB.
System memory in use after: 146.7 MB.

Unloading 5 unused Assets to reduce memory usage. Loaded Objects now: 1637.
Total: 1.876517 ms (FindLiveObjects: 0.220300 ms CreateObjectMapping: 0.055536 ms MarkObjects: 1.521063 ms  DeleteObjects: 0.077554 ms)

========================================================================
Received Prepare
Registering precompiled user dll's ...
Registered in 0.000579 seconds.
Begin MonoManager ReloadAssembly
Native extension for OSXStandalone target not found
Refreshing native plugins compatible for Editor in 0.24 ms, found 1 plugins.
Preloading 0 native plugins for Editor in 0.00 ms.
Invoked RoslynAnalysisRunner static constructor.
RoslynAnalysisRunner will not be running.
RoslynAnalysisRunner has terminated.
Mono: successfully reloaded assembly
- Completed reload, in  1.142 seconds
Platform modules already initialized, skipping
Refreshing native plugins compatible for Editor in 0.25 ms, found 1 plugins.
Preloading 0 native plugins for Editor in 0.00 ms.
Unloading 1098 Unused Serialized files (Serialized files now loaded: 0)
System memory in use before: 146.8 MB.
System memory in use after: 146.9 MB.

Unloading 5 unused Assets to reduce memory usage. Loaded Objects now: 1639.
Total: 1.998814 ms (FindLiveObjects: 0.177021 ms CreateObjectMapping: 0.046042 ms MarkObjects: 1.695094 ms  DeleteObjects: 0.079185 ms)

========================================================================
Received Prepare
Registering precompiled user dll's ...
Registered in 0.000572 seconds.
Begin MonoManager ReloadAssembly
Native extension for OSXStandalone target not found
Refreshing native plugins compatible for Editor in 0.27 ms, found 1 plugins.
Preloading 0 native plugins for Editor in 0.00 ms.
Invoked RoslynAnalysisRunner static constructor.
RoslynAnalysisRunner will not be running.
RoslynAnalysisRunner has terminated.
Mono: successfully reloaded assembly
- Completed reload, in  1.144 seconds
Platform modules already initialized, skipping
Refreshing native plugins compatible for Editor in 0.25 ms, found 1 plugins.
Preloading 0 native plugins for Editor in 0.00 ms.
Unloading 1098 Unused Serialized files (Serialized files now loaded: 0)
System memory in use before: 146.6 MB.
System memory in use after: 146.6 MB.

Unloading 5 unused Assets to reduce memory usage. Loaded Objects now: 1641.
Total: 1.881671 ms (FindLiveObjects: 0.169868 ms CreateObjectMapping: 0.040824 ms MarkObjects: 1.580936 ms  DeleteObjects: 0.088436 ms)

========================================================================
Received Prepare
Registering precompiled user dll's ...
Registered in 0.000715 seconds.
Begin MonoManager ReloadAssembly
Native extension for OSXStandalone target not found
Refreshing native plugins compatible for Editor in 0.24 ms, found 1 plugins.
Preloading 0 native plugins for Editor in 0.00 ms.
Invoked RoslynAnalysisRunner static constructor.
RoslynAnalysisRunner will not be running.
RoslynAnalysisRunner has terminated.
Mono: successfully reloaded assembly
- Completed reload, in  1.128 seconds
Platform modules already initialized, skipping
Refreshing native plugins compatible for Editor in 0.34 ms, found 1 plugins.
Preloading 0 native plugins for Editor in 0.00 ms.
Unloading 1098 Unused Serialized files (Serialized files now loaded: 0)
System memory in use before: 147.0 MB.
System memory in use after: 147.1 MB.

Unloading 5 unused Assets to reduce memory usage. Loaded Objects now: 1643.
Total: 1.933200 ms (FindLiveObjects: 0.169436 ms CreateObjectMapping: 0.046030 ms MarkObjects: 1.628120 ms  DeleteObjects: 0.088162 ms)

========================================================================
Received Prepare
Registering precompiled user dll's ...
Registered in 0.000446 seconds.
Begin MonoManager ReloadAssembly
Native extension for OSXStandalone target not found
Refreshing native plugins compatible for Editor in 0.25 ms, found 1 plugins.
Preloading 0 native plugins for Editor in 0.00 ms.
Invoked RoslynAnalysisRunner static constructor.
RoslynAnalysisRunner will not be running.
RoslynAnalysisRunner has terminated.
Mono: successfully reloaded assembly
- Completed reload, in  1.098 seconds
Platform modules already initialized, skipping
Refreshing native plugins compatible for Editor in 0.24 ms, found 1 plugins.
Preloading 0 native plugins for Editor in 0.00 ms.
Unloading 1098 Unused Serialized files (Serialized files now loaded: 0)
System memory in use before: 147.3 MB.
System memory in use after: 147.4 MB.

Unloading 5 unused Assets to reduce memory usage. Loaded Objects now: 1645.
Total: 1.904402 ms (FindLiveObjects: 0.192910 ms CreateObjectMapping: 0.045662 ms MarkObjects: 1.581978 ms  DeleteObjects: 0.081587 ms)

========================================================================
Received Prepare
Registering precompiled user dll's ...
Registered in 0.000859 seconds.
Begin MonoManager ReloadAssembly
Native extension for OSXStandalone target not found
Refreshing native plugins compatible for Editor in 0.27 ms, found 1 plugins.
Preloading 0 native plugins for Editor in 0.00 ms.
Invoked RoslynAnalysisRunner static constructor.
RoslynAnalysisRunner will not be running.
RoslynAnalysisRunner has terminated.
Mono: successfully reloaded assembly
- Completed reload, in  1.135 seconds
Platform modules already initialized, skipping
Refreshing native plugins compatible for Editor in 0.24 ms, found 1 plugins.
Preloading 0 native plugins for Editor in 0.00 ms.
Unloading 1098 Unused Serialized files (Serialized files now loaded: 0)
System memory in use before: 147.0 MB.
System memory in use after: 147.0 MB.

Unloading 5 unused Assets to reduce memory usage. Loaded Objects now: 1647.
Total: 1.881161 ms (FindLiveObjects: 0.179939 ms CreateObjectMapping: 0.041287 ms MarkObjects: 1.577534 ms  DeleteObjects: 0.080806 ms)

========================================================================
Received Prepare
Registering precompiled user dll's ...
Registered in 0.000617 seconds.
Begin MonoManager ReloadAssembly
Native extension for OSXStandalone target not found
Refreshing native plugins compatible for Editor in 0.24 ms, found 1 plugins.
Preloading 0 native plugins for Editor in 0.00 ms.
Invoked RoslynAnalysisRunner static constructor.
RoslynAnalysisRunner will not be running.
RoslynAnalysisRunner has terminated.
Mono: successfully reloaded assembly
- Completed reload, in  1.270 seconds
Platform modules already initialized, skipping
Refreshing native plugins compatible for Editor in 0.30 ms, found 1 plugins.
Preloading 0 native plugins for Editor in 0.00 ms.
Unloading 1098 Unused Serialized files (Serialized files now loaded: 0)
System memory in use before: 147.4 MB.
System memory in use after: 147.5 MB.

Unloading 5 unused Assets to reduce memory usage. Loaded Objects now: 1649.
Total: 2.192577 ms (FindLiveObjects: 0.202801 ms CreateObjectMapping: 0.049327 ms MarkObjects: 1.857833 ms  DeleteObjects: 0.080614 ms)

========================================================================
Received Prepare
Registering precompiled user dll's ...
Registered in 0.000466 seconds.
Begin MonoManager ReloadAssembly
Native extension for OSXStandalone target not found
Refreshing native plugins compatible for Editor in 0.24 ms, found 1 plugins.
Preloading 0 native plugins for Editor in 0.00 ms.
Invoked RoslynAnalysisRunner static constructor.
RoslynAnalysisRunner will not be running.
RoslynAnalysisRunner has terminated.
Mono: successfully reloaded assembly
- Completed reload, in  1.115 seconds
Platform modules already initialized, skipping
Refreshing native plugins compatible for Editor in 0.25 ms, found 1 plugins.
Preloading 0 native plugins for Editor in 0.00 ms.
Unloading 1098 Unused Serialized files (Serialized files now loaded: 0)
System memory in use before: 147.8 MB.
System memory in use after: 147.9 MB.

Unloading 5 unused Assets to reduce memory usage. Loaded Objects now: 1651.
Total: 2.308173 ms (FindLiveObjects: 0.179457 ms CreateObjectMapping: 0.057155 ms MarkObjects: 1.932748 ms  DeleteObjects: 0.137059 ms)

========================================================================
Received Prepare
Registering precompiled user dll's ...
Registered in 0.000794 seconds.
Begin MonoManager ReloadAssembly
Native extension for OSXStandalone target not found
Refreshing native plugins compatible for Editor in 0.24 ms, found 1 plugins.
Preloading 0 native plugins for Editor in 0.00 ms.
Invoked RoslynAnalysisRunner static constructor.
RoslynAnalysisRunner will not be running.
RoslynAnalysisRunner has terminated.
Mono: successfully reloaded assembly
- Completed reload, in  1.134 seconds
Platform modules already initialized, skipping
Refreshing native plugins compatible for Editor in 0.23 ms, found 1 plugins.
Preloading 0 native plugins for Editor in 0.00 ms.
Unloading 1098 Unused Serialized files (Serialized files now loaded: 0)
System memory in use before: 147.3 MB.
System memory in use after: 147.4 MB.

Unloading 5 unused Assets to reduce memory usage. Loaded Objects now: 1653.
Total: 1.920394 ms (FindLiveObjects: 0.202361 ms CreateObjectMapping: 0.049615 ms MarkObjects: 1.587048 ms  DeleteObjects: 0.079279 ms)

========================================================================
Received Prepare
Registering precompiled user dll's ...
Registered in 0.000489 seconds.
Begin MonoManager ReloadAssembly
Native extension for OSXStandalone target not found
Refreshing native plugins compatible for Editor in 0.30 ms, found 1 plugins.
Preloading 0 native plugins for Editor in 0.00 ms.
Invoked RoslynAnalysisRunner static constructor.
RoslynAnalysisRunner will not be running.
RoslynAnalysisRunner has terminated.
Mono: successfully reloaded assembly
- Completed reload, in  1.125 seconds
Platform modules already initialized, skipping
Refreshing native plugins compatible for Editor in 0.25 ms, found 1 plugins.
Preloading 0 native plugins for Editor in 0.00 ms.
Unloading 1098 Unused Serialized files (Serialized files now loaded: 0)
System memory in use before: 147.8 MB.
System memory in use after: 147.9 MB.

Unloading 5 unused Assets to reduce memory usage. Loaded Objects now: 1655.
Total: 1.850542 ms (FindLiveObjects: 0.190683 ms CreateObjectMapping: 0.041917 ms MarkObjects: 1.539474 ms  DeleteObjects: 0.076466 ms)

========================================================================
Received Prepare
Registering precompiled user dll's ...
Registered in 0.000511 seconds.
Begin MonoManager ReloadAssembly
Native extension for OSXStandalone target not found
Refreshing native plugins compatible for Editor in 0.27 ms, found 1 plugins.
Preloading 0 native plugins for Editor in 0.00 ms.
Invoked RoslynAnalysisRunner static constructor.
RoslynAnalysisRunner will not be running.
RoslynAnalysisRunner has terminated.
Mono: successfully reloaded assembly
- Completed reload, in  1.218 seconds
Platform modules already initialized, skipping
Refreshing native plugins compatible for Editor in 0.25 ms, found 1 plugins.
Preloading 0 native plugins for Editor in 0.00 ms.
Unloading 1098 Unused Serialized files (Serialized files now loaded: 0)
System memory in use before: 148.3 MB.
System memory in use after: 148.3 MB.

Unloading 5 unused Assets to reduce memory usage. Loaded Objects now: 1657.
Total: 1.848106 ms (FindLiveObjects: 0.178165 ms CreateObjectMapping: 0.042775 ms MarkObjects: 1.547718 ms  DeleteObjects: 0.077001 ms)

========================================================================
Received Prepare
Registering precompiled user dll's ...
Registered in 0.000543 seconds.
Begin MonoManager ReloadAssembly
Native extension for OSXStandalone target not found
Refreshing native plugins compatible for Editor in 0.33 ms, found 1 plugins.
Preloading 0 native plugins for Editor in 0.00 ms.
Invoked RoslynAnalysisRunner static constructor.
RoslynAnalysisRunner will not be running.
RoslynAnalysisRunner has terminated.
Mono: successfully reloaded assembly
- Completed reload, in  1.191 seconds
Platform modules already initialized, skipping
Refreshing native plugins compatible for Editor in 0.26 ms, found 1 plugins.
Preloading 0 native plugins for Editor in 0.00 ms.
Unloading 1098 Unused Serialized files (Serialized files now loaded: 0)
System memory in use before: 148.4 MB.
System memory in use after: 148.5 MB.

Unloading 5 unused Assets to reduce memory usage. Loaded Objects now: 1659.
Total: 1.866088 ms (FindLiveObjects: 0.170595 ms CreateObjectMapping: 0.043147 ms MarkObjects: 1.570614 ms  DeleteObjects: 0.080273 ms)

========================================================================
Received Prepare
Registering precompiled user dll's ...
Registered in 0.000439 seconds.
Begin MonoManager ReloadAssembly
Native extension for OSXStandalone target not found
Refreshing native plugins compatible for Editor in 0.24 ms, found 1 plugins.
Preloading 0 native plugins for Editor in 0.00 ms.
Invoked RoslynAnalysisRunner static constructor.
RoslynAnalysisRunner will not be running.
RoslynAnalysisRunner has terminated.
Mono: successfully reloaded assembly
- Completed reload, in  1.128 seconds
Platform modules already initialized, skipping
Refreshing native plugins compatible for Editor in 0.27 ms, found 1 plugins.
Preloading 0 native plugins for Editor in 0.00 ms.
Unloading 1098 Unused Serialized files (Serialized files now loaded: 0)
System memory in use before: 148.2 MB.
System memory in use after: 148.3 MB.

Unloading 5 unused Assets to reduce memory usage. Loaded Objects now: 1661.
Total: 2.055442 ms (FindLiveObjects: 0.204912 ms CreateObjectMapping: 0.047874 ms MarkObjects: 1.712450 ms  DeleteObjects: 0.087856 ms)

========================================================================
Received Prepare
Registering precompiled user dll's ...
Registered in 0.000479 seconds.
Begin MonoManager ReloadAssembly
Native extension for OSXStandalone target not found
Refreshing native plugins compatible for Editor in 0.30 ms, found 1 plugins.
Preloading 0 native plugins for Editor in 0.00 ms.
Invoked RoslynAnalysisRunner static constructor.
RoslynAnalysisRunner will not be running.
RoslynAnalysisRunner has terminated.
Mono: successfully reloaded assembly
- Completed reload, in  1.221 seconds
Platform modules already initialized, skipping
Refreshing native plugins compatible for Editor in 0.25 ms, found 1 plugins.
Preloading 0 native plugins for Editor in 0.00 ms.
Unloading 1098 Unused Serialized files (Serialized files now loaded: 0)
System memory in use before: 148.6 MB.
System memory in use after: 148.7 MB.

Unloading 5 unused Assets to reduce memory usage. Loaded Objects now: 1663.
Total: 2.810443 ms (FindLiveObjects: 0.331766 ms CreateObjectMapping: 0.099457 ms MarkObjects: 2.264710 ms  DeleteObjects: 0.111777 ms)

